Determining if the pthread_create exist failed with the following output:
Change Dir: /home/g/kvdn/Client/cpp/CMakeFiles/CMakeTmp

Run Build Command:"/usr/bin/make" "cmTC_98167/fast"
make[1]: Entering directory '/home/g/kvdn/Client/cpp/CMakeFiles/CMakeTmp'
/usr/bin/make -f CMakeFiles/cmTC_98167.dir/build.make CMakeFiles/cmTC_98167.dir/build
make[2]: Entering directory '/home/g/kvdn/Client/cpp/CMakeFiles/CMakeTmp'
Building C object CMakeFiles/cmTC_98167.dir/CheckSymbolExists.c.o
/usr/bin/cc    -o CMakeFiles/cmTC_98167.dir/CheckSymbolExists.c.o   -c /home/g/kvdn/Client/cpp/CMakeFiles/CMakeTmp/CheckSymbolExists.c
Linking C executable cmTC_98167
/usr/bin/cmake -E cmake_link_script CMakeFiles/cmTC_98167.dir/link.txt --verbose=1
/usr/bin/cc      CMakeFiles/cmTC_98167.dir/CheckSymbolExists.c.o  -o cmTC_98167 
CMakeFiles/cmTC_98167.dir/CheckSymbolExists.c.o: In function `main':
CheckSymbolExists.c:(.text+0x1b): undefined reference to `pthread_create'
collect2: error: ld returned 1 exit status
CMakeFiles/cmTC_98167.dir/build.make:97: recipe for target 'cmTC_98167' failed
make[2]: *** [cmTC_98167] Error 1
make[2]: Leaving directory '/home/g/kvdn/Client/cpp/CMakeFiles/CMakeTmp'
Makefile:126: recipe for target 'cmTC_98167/fast' failed
make[1]: *** [cmTC_98167/fast] Error 2
make[1]: Leaving directory '/home/g/kvdn/Client/cpp/CMakeFiles/CMakeTmp'

File /home/g/kvdn/Client/cpp/CMakeFiles/CMakeTmp/CheckSymbolExists.c:
/* */
#include <pthread.h>

int main(int argc, char** argv)
{
  (void)argv;
#ifndef pthread_create
  return ((int*)(&pthread_create))[argc];
#else
  (void)argc;
  return 0;
#endif
}

Determining if the function pthread_create exists in the pthreads failed with the following output:
Change Dir: /home/g/kvdn/Client/cpp/CMakeFiles/CMakeTmp

Run Build Command:"/usr/bin/make" "cmTC_599e7/fast"
make[1]: Entering directory '/home/g/kvdn/Client/cpp/CMakeFiles/CMakeTmp'
/usr/bin/make -f CMakeFiles/cmTC_599e7.dir/build.make CMakeFiles/cmTC_599e7.dir/build
make[2]: Entering directory '/home/g/kvdn/Client/cpp/CMakeFiles/CMakeTmp'
Building C object CMakeFiles/cmTC_599e7.dir/CheckFunctionExists.c.o
/usr/bin/cc   -DCHECK_FUNCTION_EXISTS=pthread_create   -o CMakeFiles/cmTC_599e7.dir/CheckFunctionExists.c.o   -c /usr/share/cmake-3.10/Modules/CheckFunctionExists.c
Linking C executable cmTC_599e7
/usr/bin/cmake -E cmake_link_script CMakeFiles/cmTC_599e7.dir/link.txt --verbose=1
/usr/bin/cc  -DCHECK_FUNCTION_EXISTS=pthread_create    CMakeFiles/cmTC_599e7.dir/CheckFunctionExists.c.o  -o cmTC_599e7 -lpthreads 
/usr/bin/ld: cannot find -lpthreads
collect2: error: ld returned 1 exit status
CMakeFiles/cmTC_599e7.dir/build.make:97: recipe for target 'cmTC_599e7' failed
make[2]: *** [cmTC_599e7] Error 1
make[2]: Leaving directory '/home/g/kvdn/Client/cpp/CMakeFiles/CMakeTmp'
Makefile:126: recipe for target 'cmTC_599e7/fast' failed
make[1]: *** [cmTC_599e7/fast] Error 2
make[1]: Leaving directory '/home/g/kvdn/Client/cpp/CMakeFiles/CMakeTmp'


